<?xml version="1.0" encoding="UTF-8"?>
<!-- Generated by org.testng.reporters.JUnitXMLReporter -->
<testsuite ignored="0" hostname="APT04-59QV6G3" failures="2" tests="6" name="Surefire test" time="9.036" errors="0" timestamp="2024-07-25T11:35:42 IST">
  <testcase classname="api.test.DatDrivenTests" name="testPostUser" time="0.0">
    <failure type="org.testng.TestNGException" message="
Method public void api.test.DatDrivenTests.testPostUser(java.lang.String,java.lang.String,java.lang.String,java.lang.String,java.lang.String,java.lang.String,java.lang.String) requires a @DataProvider named : Data in class org.testng.annotations.DataProvider">
      <![CDATA[org.testng.TestNGException: 
at java.base/java.util.ArrayList.forEach(ArrayList.java:1511)
... Removed 30 stack frames]]>
    </failure>
  </testcase> <!-- testPostUser -->
  <testcase classname="api.test.DatDrivenTests" name="testDeleteUserByName" time="0.0">
    <failure type="org.testng.TestNGException" message="
Method public void api.test.DatDrivenTests.testDeleteUserByName(java.lang.String) requires a @DataProvider named : UserNames in class org.testng.annotations.DataProvider">
      <![CDATA[org.testng.TestNGException: 
at java.base/java.util.ArrayList.forEach(ArrayList.java:1511)
... Removed 30 stack frames]]>
    </failure>
  </testcase> <!-- testDeleteUserByName -->
  <testcase classname="api.test.UserTests" name="testPostUser" time="3.303"/>
  <testcase classname="api.test.UserTests" name="testGetUserByName" time="1.202"/>
  <testcase classname="api.test.UserTests" name="testUpdateuserByName" time="2.471"/>
  <testcase classname="api.test.UserTests" name="testDeleteUserByName" time="1.239"/>
</testsuite> <!-- Surefire test -->
