<?xml version="1.0" encoding="UTF-8"?>
<!-- Generated by org.testng.reporters.JUnitXMLReporter -->
<testsuite ignored="0" hostname="APT04-59QV6G3" failures="0" tests="4" name="Test" time="9.651" errors="0" timestamp="2024-07-25T14:52:34 IST">
  <testcase classname="api.test.UserTests" name="testPostUser" time="3.747"/>
  <testcase classname="api.test.UserTests" name="testGetUserByName" time="1.325"/>
  <testcase classname="api.test.UserTests" name="testUpdateuserByName" time="2.473"/>
  <testcase classname="api.test.UserTests" name="testDeleteUserByName" time="1.196"/>
</testsuite> <!-- Test -->
