<?xml version="1.0" encoding="UTF-8"?>
<testng-results ignored="0" total="4" passed="4" failed="0" skipped="0">
  <reporter-output>
  </reporter-output>
  <suite started-at="2024-07-25T14:52:24 IST" name="Suite" finished-at="2024-07-25T14:52:34 IST" duration-ms="9651">
    <groups>
    </groups>
    <test started-at="2024-07-25T14:52:24 IST" name="Test" finished-at="2024-07-25T14:52:34 IST" duration-ms="9651">
      <class name="api.test.UserTests">
        <test-method is-config="true" signature="SetupData()[pri:0, instance:api.test.UserTests@156b88f5]" started-at="2024-07-25T14:52:24 IST" name="SetupData" finished-at="2024-07-25T14:52:25 IST" duration-ms="874" status="PASS">
          <reporter-output>
          </reporter-output>
        </test-method> <!-- SetupData -->
        <test-method signature="testPostUser()[pri:1, instance:api.test.UserTests@156b88f5]" started-at="2024-07-25T14:52:25 IST" name="testPostUser" finished-at="2024-07-25T14:52:29 IST" duration-ms="3747" status="PASS">
          <reporter-output>
          </reporter-output>
        </test-method> <!-- testPostUser -->
        <test-method signature="testGetUserByName()[pri:2, instance:api.test.UserTests@156b88f5]" started-at="2024-07-25T14:52:29 IST" name="testGetUserByName" finished-at="2024-07-25T14:52:30 IST" duration-ms="1325" status="PASS">
          <reporter-output>
          </reporter-output>
        </test-method> <!-- testGetUserByName -->
        <test-method signature="testUpdateuserByName()[pri:3, instance:api.test.UserTests@156b88f5]" started-at="2024-07-25T14:52:30 IST" name="testUpdateuserByName" finished-at="2024-07-25T14:52:33 IST" duration-ms="2473" status="PASS">
          <reporter-output>
          </reporter-output>
        </test-method> <!-- testUpdateuserByName -->
        <test-method signature="testDeleteUserByName()[pri:4, instance:api.test.UserTests@156b88f5]" started-at="2024-07-25T14:52:33 IST" name="testDeleteUserByName" finished-at="2024-07-25T14:52:34 IST" duration-ms="1196" status="PASS">
          <reporter-output>
          </reporter-output>
        </test-method> <!-- testDeleteUserByName -->
      </class> <!-- api.test.UserTests -->
    </test> <!-- Test -->
  </suite> <!-- Suite -->
</testng-results>
